<?xml version="1.0" encoding="UTF-8"?>
<!-- Generated by org.testng.reporters.JUnitXMLReporter -->
<testsuite ignored="1" hostname="DESKTOP-4AF530H" failures="0" tests="1" name="Default test" time="28.502" errors="0" timestamp="2023-01-18T15:54:44 IST">
  <testcase classname="com.regrassion.HomePageTest" name="BikeSale" time="28.411"/>
  <testcase classname="com.regrassion.HomePageTest" name="brandStore" time="0.0">
    <ignored/>
  </testcase> <!-- brandStore -->
</testsuite> <!-- Default test -->
