<?xml version="1.0" encoding="UTF-8"?>
<!-- Generated by org.testng.reporters.JUnitXMLReporter -->
<testsuite ignored="1" hostname="DESKTOP-LL7E7LN" failures="0" tests="1" name="Default test" time="10.63" errors="0" timestamp="2023-01-18T17:42:43 IST">
  <testcase classname="com.regrassion.HomePageTest" name="Vehicalinfo" time="10.568"/>
  <testcase classname="com.regrassion.HomePageTest" name="brandStore" time="0.0">
    <ignored/>
  </testcase> <!-- brandStore -->
</testsuite> <!-- Default test -->
