<?xml version="1.0" encoding="UTF-8"?>
<testng-results ignored="0" total="1" passed="1" failed="0" skipped="0">
  <reporter-output>
  </reporter-output>
  <suite started-at="2023-01-18T00:15:02 IST" name="Default suite" finished-at="2023-01-18T00:15:22 IST" duration-ms="19642">
    <groups>
    </groups>
    <test started-at="2023-01-18T00:15:02 IST" name="Default test" finished-at="2023-01-18T00:15:22 IST" duration-ms="19642">
      <class name="com.regrassion.HomePageTest">
        <test-method signature="brandStore()[pri:0, instance:com.regrassion.HomePageTest@3e08ff24]" started-at="2023-01-18T00:15:02 IST" name="brandStore" finished-at="2023-01-18T00:15:22 IST" duration-ms="19574" status="PASS">
          <reporter-output>
          </reporter-output>
        </test-method> <!-- brandStore -->
      </class> <!-- com.regrassion.HomePageTest -->
    </test> <!-- Default test -->
  </suite> <!-- Default suite -->
</testng-results>
