<?xml version="1.0" encoding="UTF-8"?>
<testng-results ignored="0" total="1" passed="1" failed="0" skipped="0">
  <reporter-output>
  </reporter-output>
  <suite started-at="2023-01-16T15:50:19 IST" name="Default suite" finished-at="2023-01-16T15:50:25 IST" duration-ms="6054">
    <groups>
    </groups>
    <test started-at="2023-01-16T15:50:19 IST" name="Default test" finished-at="2023-01-16T15:50:25 IST" duration-ms="6054">
      <class name="com.regrassion.HomePageTest">
        <test-method signature="brandStore()[pri:0, instance:com.regrassion.HomePageTest@53e3a87a]" started-at="2023-01-16T15:50:19 IST" name="brandStore" finished-at="2023-01-16T15:50:25 IST" duration-ms="5958" status="PASS">
          <reporter-output>
          </reporter-output>
        </test-method> <!-- brandStore -->
      </class> <!-- com.regrassion.HomePageTest -->
    </test> <!-- Default test -->
  </suite> <!-- Default suite -->
</testng-results>
